NOTE: Picked up JDK_JAVA_OPTIONS:  --add-opens=java.base/java.lang=ALL-UNNAMED --add-opens=java.base/java.io=ALL-UNNAMED --add-opens=java.base/java.util=ALL-UNNAMED --add-opens=java.base/java.util.concurrent=ALL-UNNAMED --add-opens=java.rmi/sun.rmi.transport=ALL-UNNAMED
23-May-2023 21:53:25.075 INFO [main] org.apache.catalina.startup.VersionLoggerListener.log 서버 버전 이름:    Apache Tomcat/9.0.75
23-May-2023 21:53:25.077 INFO [main] org.apache.catalina.startup.VersionLoggerListener.log Server 빌드 시각:  May 4 2023 13:04:05 UTC
23-May-2023 21:53:25.077 INFO [main] org.apache.catalina.startup.VersionLoggerListener.log Server 버전 번호:  9.0.75.0
23-May-2023 21:53:25.077 INFO [main] org.apache.catalina.startup.VersionLoggerListener.log 운영체제 이름:     Mac OS X
23-May-2023 21:53:25.077 INFO [main] org.apache.catalina.startup.VersionLoggerListener.log 운영체제 버전:     13.2.1
23-May-2023 21:53:25.077 INFO [main] org.apache.catalina.startup.VersionLoggerListener.log 아키텍처:          aarch64
23-May-2023 21:53:25.077 INFO [main] org.apache.catalina.startup.VersionLoggerListener.log 자바 홈:           /Library/Java/JavaVirtualMachines/jdk-17.jdk/Contents/Home
23-May-2023 21:53:25.077 INFO [main] org.apache.catalina.startup.VersionLoggerListener.log JVM 버전:          17.0.7+8-LTS-224
23-May-2023 21:53:25.077 INFO [main] org.apache.catalina.startup.VersionLoggerListener.log JVM 벤더:          Oracle Corporation
23-May-2023 21:53:25.077 INFO [main] org.apache.catalina.startup.VersionLoggerListener.log CATALINA_BASE:     /Users/ho/JSP/apache-tomcat-9.0.75
23-May-2023 21:53:25.077 INFO [main] org.apache.catalina.startup.VersionLoggerListener.log CATALINA_HOME:     /Users/ho/JSP/apache-tomcat-9.0.75
23-May-2023 21:53:25.123 INFO [main] org.apache.catalina.startup.VersionLoggerListener.log 명령 행 아규먼트:  --add-opens=java.base/java.lang=ALL-UNNAMED
23-May-2023 21:53:25.124 INFO [main] org.apache.catalina.startup.VersionLoggerListener.log 명령 행 아규먼트:  --add-opens=java.base/java.io=ALL-UNNAMED
23-May-2023 21:53:25.124 INFO [main] org.apache.catalina.startup.VersionLoggerListener.log 명령 행 아규먼트:  --add-opens=java.base/java.util=ALL-UNNAMED
23-May-2023 21:53:25.124 INFO [main] org.apache.catalina.startup.VersionLoggerListener.log 명령 행 아규먼트:  --add-opens=java.base/java.util.concurrent=ALL-UNNAMED
23-May-2023 21:53:25.124 INFO [main] org.apache.catalina.startup.VersionLoggerListener.log 명령 행 아규먼트:  --add-opens=java.rmi/sun.rmi.transport=ALL-UNNAMED
23-May-2023 21:53:25.124 INFO [main] org.apache.catalina.startup.VersionLoggerListener.log 명령 행 아규먼트:  -Djava.util.logging.config.file=/Users/ho/JSP/apache-tomcat-9.0.75/conf/logging.properties
23-May-2023 21:53:25.124 INFO [main] org.apache.catalina.startup.VersionLoggerListener.log 명령 행 아규먼트:  -Djava.util.logging.manager=org.apache.juli.ClassLoaderLogManager
23-May-2023 21:53:25.124 INFO [main] org.apache.catalina.startup.VersionLoggerListener.log 명령 행 아규먼트:  -Djdk.tls.ephemeralDHKeySize=2048
23-May-2023 21:53:25.124 INFO [main] org.apache.catalina.startup.VersionLoggerListener.log 명령 행 아규먼트:  -Djava.protocol.handler.pkgs=org.apache.catalina.webresources
23-May-2023 21:53:25.124 INFO [main] org.apache.catalina.startup.VersionLoggerListener.log 명령 행 아규먼트:  -Dorg.apache.catalina.security.SecurityListener.UMASK=0027
23-May-2023 21:53:25.124 INFO [main] org.apache.catalina.startup.VersionLoggerListener.log 명령 행 아규먼트:  -Dignore.endorsed.dirs=
23-May-2023 21:53:25.124 INFO [main] org.apache.catalina.startup.VersionLoggerListener.log 명령 행 아규먼트:  -Dcatalina.base=/Users/ho/JSP/apache-tomcat-9.0.75
23-May-2023 21:53:25.125 INFO [main] org.apache.catalina.startup.VersionLoggerListener.log 명령 행 아규먼트:  -Dcatalina.home=/Users/ho/JSP/apache-tomcat-9.0.75
23-May-2023 21:53:25.125 INFO [main] org.apache.catalina.startup.VersionLoggerListener.log 명령 행 아규먼트:  -Djava.io.tmpdir=/Users/ho/JSP/apache-tomcat-9.0.75/temp
23-May-2023 21:53:25.130 INFO [main] org.apache.catalina.core.AprLifecycleListener.lifecycleEvent 프로덕션 환경들에서 최적의 성능을 제공하는, APR 기반 Apache Tomcat Native 라이브러리가, 다음 java.library.path에서 발견되지 않습니다: [/Users/ho/Library/Java/Extensions:/Library/Java/Extensions:/Network/Library/Java/Extensions:/System/Library/Java/Extensions:/usr/lib/java:.]
23-May-2023 21:53:25.261 INFO [main] org.apache.coyote.AbstractProtocol.init 프로토콜 핸들러 ["http-nio-8080"]을(를) 초기화합니다.
23-May-2023 21:53:25.295 INFO [main] org.apache.catalina.startup.Catalina.load [314] 밀리초 내에 서버가 초기화되었습니다.
23-May-2023 21:53:25.313 INFO [main] org.apache.catalina.core.StandardService.startInternal 서비스 [Catalina]을(를) 시작합니다.
23-May-2023 21:53:25.313 INFO [main] org.apache.catalina.core.StandardEngine.startInternal 서버 엔진을 시작합니다: [Apache Tomcat/9.0.75]
23-May-2023 21:53:25.316 INFO [main] org.apache.catalina.startup.HostConfig.deployDirectory 웹 애플리케이션 디렉토리 [/Users/ho/JSP/apache-tomcat-9.0.75/webapps/docs]을(를) 배치합니다.
23-May-2023 21:53:25.439 INFO [main] org.apache.catalina.startup.HostConfig.deployDirectory 웹 애플리케이션 디렉토리 [/Users/ho/JSP/apache-tomcat-9.0.75/webapps/docs]에 대한 배치가 [122] 밀리초에 완료되었습니다.
23-May-2023 21:53:25.440 INFO [main] org.apache.catalina.startup.HostConfig.deployDirectory 웹 애플리케이션 디렉토리 [/Users/ho/JSP/apache-tomcat-9.0.75/webapps/manager]을(를) 배치합니다.
23-May-2023 21:53:25.459 INFO [main] org.apache.catalina.startup.HostConfig.deployDirectory 웹 애플리케이션 디렉토리 [/Users/ho/JSP/apache-tomcat-9.0.75/webapps/manager]에 대한 배치가 [20] 밀리초에 완료되었습니다.
23-May-2023 21:53:25.459 INFO [main] org.apache.catalina.startup.HostConfig.deployDirectory 웹 애플리케이션 디렉토리 [/Users/ho/JSP/apache-tomcat-9.0.75/webapps/examples]을(를) 배치합니다.
23-May-2023 21:53:25.553 INFO [main] org.apache.catalina.startup.HostConfig.deployDirectory 웹 애플리케이션 디렉토리 [/Users/ho/JSP/apache-tomcat-9.0.75/webapps/examples]에 대한 배치가 [94] 밀리초에 완료되었습니다.
23-May-2023 21:53:25.553 INFO [main] org.apache.catalina.startup.HostConfig.deployDirectory 웹 애플리케이션 디렉토리 [/Users/ho/JSP/apache-tomcat-9.0.75/webapps/ROOT]을(를) 배치합니다.
23-May-2023 21:53:25.561 INFO [main] org.apache.catalina.startup.HostConfig.deployDirectory 웹 애플리케이션 디렉토리 [/Users/ho/JSP/apache-tomcat-9.0.75/webapps/ROOT]에 대한 배치가 [8] 밀리초에 완료되었습니다.
23-May-2023 21:53:25.561 INFO [main] org.apache.catalina.startup.HostConfig.deployDirectory 웹 애플리케이션 디렉토리 [/Users/ho/JSP/apache-tomcat-9.0.75/webapps/host-manager]을(를) 배치합니다.
23-May-2023 21:53:25.569 INFO [main] org.apache.catalina.startup.HostConfig.deployDirectory 웹 애플리케이션 디렉토리 [/Users/ho/JSP/apache-tomcat-9.0.75/webapps/host-manager]에 대한 배치가 [8] 밀리초에 완료되었습니다.
23-May-2023 21:53:25.571 INFO [main] org.apache.coyote.AbstractProtocol.start 프로토콜 핸들러 ["http-nio-8080"]을(를) 시작합니다.
23-May-2023 21:53:25.577 INFO [main] org.apache.catalina.startup.Catalina.start 서버가 [281] 밀리초 내에 시작되었습니다.
23-May-2023 22:20:25.847 INFO [main] org.apache.catalina.core.StandardServer.await 셧다운 포트를 통해 유효한 셧다운 명령을 받았습니다. 서버 인스턴스를 중지시킵니다.
23-May-2023 22:20:25.849 INFO [main] org.apache.coyote.AbstractProtocol.pause 프로토콜 핸들러 ["http-nio-8080"]을(를) 일시 정지 중
23-May-2023 22:20:25.858 INFO [main] org.apache.catalina.core.StandardService.stopInternal 서비스 [Catalina]을(를) 중지시킵니다.
23-May-2023 22:20:25.876 INFO [main] org.apache.coyote.AbstractProtocol.stop 프로토콜 핸들러 ["http-nio-8080"]을(를) 중지시킵니다.
23-May-2023 22:20:25.883 INFO [main] org.apache.coyote.AbstractProtocol.destroy 프로토콜 핸들러 ["http-nio-8080"]을(를) 소멸시킵니다.
